<?xml version="1.0" encoding="UTF-8"?>
<!-- Generated by org.testng.reporters.JUnitReportReporter -->
<testsuite skipped="0" hostname="classroom-PC" name="testng.Example1" tests="3" failures="0" timestamp="04 Mar 2019 04:07:52 GMT" time="30.162" errors="0">
  <testcase name="verifyLogin" time="3.507" classname="testng.Example1"/>
  <testcase name="editEmp" time="3.461" classname="testng.Example1"/>
  <testcase name="addEmp" time="23.194" classname="testng.Example1"/>
</testsuite> <!-- testng.Example1 -->
