<?xml version="1.0" encoding="UTF-8"?>
<!-- Generated by org.testng.reporters.JUnitReportReporter -->
<testsuite skipped="0" hostname="classroom-PC" name="testng.Example2" tests="1" failures="0" timestamp="04 Mar 2019 04:13:55 GMT" time="0.026" errors="0">
  <testcase name="deleteEmp" time="0.026" classname="testng.Example2"/>
</testsuite> <!-- testng.Example2 -->
