<?xml version="1.0" encoding="UTF-8"?>
<!-- Generated by org.testng.reporters.JUnitReportReporter -->
<testsuite skipped="0" hostname="classroom-PC" name="testng.Example3" tests="1" failures="0" timestamp="04 Mar 2019 04:13:55 GMT" time="0.005" errors="0">
  <testcase name="addLocation" time="0.005" classname="testng.Example3"/>
</testsuite> <!-- testng.Example3 -->
